Flutter crash report.
Please report a bug at https://github.com/flutter/flutter/issues.

## command

flutter run

## exception

ShaderCompilerException: ShaderCompilerException: Shader compilation of "C:\flutter\packages\flutter\lib\src\material\shaders\ink_sparkle.frag" to "build\flutter_assets\shaders/ink_sparkle.frag" failed with exit code 1.
impellerc stdout:

impellerc stderr:
Failed to set access on file '"build\\flutter_assets\\shaders/ink_sparkle.frag"': unknown error




```
#0      ShaderCompiler.compileShader (package:flutter_tools/src/build_system/tools/shader_compiler.dart:190:9)
<asynchronous suspension>
#1      writeBundle.<anonymous closure> (package:flutter_tools/src/bundle_builder.dart:218:25)
<asynchronous suspension>
#2      Future.wait.<anonymous closure> (dart:async/future.dart:524:21)
<asynchronous suspension>
#3      writeBundle (package:flutter_tools/src/bundle_builder.dart:185:3)
<asynchronous suspension>
#4      WebDevFS.update (package:flutter_tools/src/isolated/devfs_web.dart:991:9)
<asynchronous suspension>
#5      ResidentWebRunner._updateDevFS (package:flutter_tools/src/isolated/resident_web_runner.dart:562:35)
<asynchronous suspension>
#6      ResidentWebRunner.run.<anonymous closure> (package:flutter_tools/src/isolated/resident_web_runner.dart:322:41)
<asynchronous suspension>
#7      asyncGuard.<anonymous closure> (package:flutter_tools/src/base/async_guard.dart:111:24)
<asynchronous suspension>
```

## flutter doctor

```
[32m[✓][39m Flutter (Channel stable, 3.22.1, on Microsoft Windows [Version 10.0.22631.3593], locale en-PK)
    [32m•[39m Flutter version 3.22.1 on channel stable at C:\flutter
    [32m•[39m Upstream repository https://github.com/flutter/flutter.git
    [32m•[39m Framework revision a14f74ff3a (5 days ago), 2024-05-22 11:08:21 -0500
    [32m•[39m Engine revision 55eae6864b
    [32m•[39m Dart version 3.4.1
    [32m•[39m DevTools version 2.34.3

[32m[✓][39m Windows Version (Installed version of Windows is version 10 or higher)

[31m[✗][39m Android toolchain - develop for Android devices
    [31m✗[39m Unable to locate Android SDK.
      Install Android Studio from: https://developer.android.com/studio/index.html
      On first launch it will assist you in installing the Android SDK components.
      (or visit https://flutter.dev/docs/get-started/install/windows#android-setup for detailed instructions).
      If the Android SDK has been installed to a custom location, please use
      `flutter config --android-sdk` to update to that location.


[32m[✓][39m Chrome - develop for the web
    [32m•[39m Chrome at C:\Program Files\Google\Chrome\Application\chrome.exe

[31m[✗][39m Visual Studio - develop Windows apps
    [31m✗[39m Visual Studio not installed; this is necessary to develop Windows apps.
      Download at https://visualstudio.microsoft.com/downloads/.
      Please install the "Desktop development with C++" workload, including all of its default components

[33m[!][39m Android Studio (not installed)
    [32m•[39m Android Studio not found; download from https://developer.android.com/studio/index.html
      (or visit https://flutter.dev/docs/get-started/install/windows#android-setup for detailed instructions).

[32m[✓][39m VS Code (version 1.89.1)
    [32m•[39m VS Code at C:\Users\Muhammad Saim Sajid\AppData\Local\Programs\Microsoft VS Code
    [32m•[39m Flutter extension version 3.88.0

[32m[✓][39m Connected device (3 available)
    [32m•[39m Windows (desktop) • windows • windows-x64    • Microsoft Windows [Version 10.0.22631.3593]
    [32m•[39m Chrome (web)      • chrome  • web-javascript • Google Chrome 125.0.6422.113
    [32m•[39m Edge (web)        • edge    • web-javascript • Microsoft Edge 125.0.2535.67

[32m[✓][39m Network resources
    [32m•[39m All expected network resources are available.

[33m![39m Doctor found issues in 3 categories.
```
